/!\ FAILSAFE /!\  Mon May 03 21:10:35 +0530 2010
  Status: 500 Internal Server Error
  no such file to load -- sqlite3
    c:/Ruby187/lib/ruby/site_ruby/1.8/rubygems/custom_require.rb:31:in `gem_original_require'
    c:/Ruby187/lib/ruby/site_ruby/1.8/rubygems/custom_require.rb:31:in `require'
    e:/HOME/rails-projects/demo/vendor/rails/activesupport/lib/active_support/dependencies.rb:156:in `require'
    e:/HOME/rails-projects/demo/vendor/rails/activesupport/lib/active_support/dependencies.rb:521:in `new_constants_in'
    e:/HOME/rails-projects/demo/vendor/rails/activesupport/lib/active_support/dependencies.rb:156:in `require'
    e:/HOME/rails-projects/demo/vendor/rails/activesupport/lib/active_support/core_ext/kernel/requires.rb:7:in `require_library_or_gem'
    e:/HOME/rails-projects/demo/vendor/rails/activesupport/lib/active_support/core_ext/kernel/reporting.rb:11:in `silence_warnings'
    e:/HOME/rails-projects/demo/vendor/rails/activesupport/lib/active_support/core_ext/kernel/requires.rb:5:in `require_library_or_gem'
    e:/HOME/rails-projects/demo/vendor/rails/activerecord/lib/active_record/connection_adapters/sqlite3_adapter.rb:10:in `sqlite3_connection'
    e:/HOME/rails-projects/demo/vendor/rails/activerecord/lib/active_record/connection_adapters/abstract/connection_pool.rb:223:in `send'
    e:/HOME/rails-projects/demo/vendor/rails/activerecord/lib/active_record/connection_adapters/abstract/connection_pool.rb:223:in `new_connection'
    e:/HOME/rails-projects/demo/vendor/rails/activerecord/lib/active_record/connection_adapters/abstract/connection_pool.rb:245:in `checkout_new_connection'
    e:/HOME/rails-projects/demo/vendor/rails/activerecord/lib/active_record/connection_adapters/abstract/connection_pool.rb:188:in `checkout'
    e:/HOME/rails-projects/demo/vendor/rails/activerecord/lib/active_record/connection_adapters/abstract/connection_pool.rb:184:in `loop'
    e:/HOME/rails-projects/demo/vendor/rails/activerecord/lib/active_record/connection_adapters/abstract/connection_pool.rb:184:in `checkout'
    c:/Ruby187/lib/ruby/1.8/monitor.rb:242:in `synchronize'
    e:/HOME/rails-projects/demo/vendor/rails/activerecord/lib/active_record/connection_adapters/abstract/connection_pool.rb:183:in `checkout'
    e:/HOME/rails-projects/demo/vendor/rails/activerecord/lib/active_record/connection_adapters/abstract/connection_pool.rb:98:in `connection'
    e:/HOME/rails-projects/demo/vendor/rails/activerecord/lib/active_record/connection_adapters/abstract/connection_pool.rb:326:in `retrieve_connection'
    e:/HOME/rails-projects/demo/vendor/rails/activerecord/lib/active_record/connection_adapters/abstract/connection_specification.rb:123:in `retrieve_connection'
    e:/HOME/rails-projects/demo/vendor/rails/activerecord/lib/active_record/connection_adapters/abstract/connection_specification.rb:115:in `connection'
    e:/HOME/rails-projects/demo/vendor/rails/activerecord/lib/active_record/query_cache.rb:9:in `cache'
    e:/HOME/rails-projects/demo/vendor/rails/activerecord/lib/active_record/query_cache.rb:28:in `call'
    e:/HOME/rails-projects/demo/vendor/rails/activerecord/lib/active_record/connection_adapters/abstract/connection_pool.rb:361:in `call'
    e:/HOME/rails-projects/demo/vendor/rails/actionpack/lib/action_controller/string_coercion.rb:25:in `call'
    c:/Ruby187/lib/ruby/gems/1.8/gems/rack-1.0.1/lib/rack/head.rb:9:in `call'
    c:/Ruby187/lib/ruby/gems/1.8/gems/rack-1.0.1/lib/rack/methodoverride.rb:24:in `call'
    e:/HOME/rails-projects/demo/vendor/rails/actionpack/lib/action_controller/params_parser.rb:15:in `call'
    e:/HOME/rails-projects/demo/vendor/rails/actionpack/lib/action_controller/session/cookie_store.rb:93:in `call'
    e:/HOME/rails-projects/demo/vendor/rails/actionpack/lib/action_controller/failsafe.rb:26:in `call'
    c:/Ruby187/lib/ruby/gems/1.8/gems/rack-1.0.1/lib/rack/lock.rb:11:in `call'
    c:/Ruby187/lib/ruby/gems/1.8/gems/rack-1.0.1/lib/rack/lock.rb:11:in `synchronize'
    c:/Ruby187/lib/ruby/gems/1.8/gems/rack-1.0.1/lib/rack/lock.rb:11:in `call'
    e:/HOME/rails-projects/demo/vendor/rails/actionpack/lib/action_controller/dispatcher.rb:114:in `call'
    e:/HOME/rails-projects/demo/vendor/rails/actionpack/lib/action_controller/reloader.rb:34:in `run'
    e:/HOME/rails-projects/demo/vendor/rails/actionpack/lib/action_controller/dispatcher.rb:108:in `call'
    e:/HOME/rails-projects/demo/vendor/rails/railties/lib/rails/rack/static.rb:31:in `call'
    c:/Ruby187/lib/ruby/gems/1.8/gems/rack-1.0.1/lib/rack/urlmap.rb:46:in `call'
    c:/Ruby187/lib/ruby/gems/1.8/gems/rack-1.0.1/lib/rack/urlmap.rb:40:in `each'
    c:/Ruby187/lib/ruby/gems/1.8/gems/rack-1.0.1/lib/rack/urlmap.rb:40:in `call'
    e:/HOME/rails-projects/demo/vendor/rails/railties/lib/rails/rack/log_tailer.rb:17:in `call'
    c:/Ruby187/lib/ruby/gems/1.8/gems/rack-1.0.1/lib/rack/content_length.rb:13:in `call'
    c:/Ruby187/lib/ruby/gems/1.8/gems/rack-1.0.1/lib/rack/handler/webrick.rb:50:in `service'
    c:/Ruby187/lib/ruby/1.8/webrick/httpserver.rb:104:in `service'
    c:/Ruby187/lib/ruby/1.8/webrick/httpserver.rb:65:in `run'
    c:/Ruby187/lib/ruby/1.8/webrick/server.rb:173:in `start_thread'
    c:/Ruby187/lib/ruby/1.8/webrick/server.rb:162:in `start'
    c:/Ruby187/lib/ruby/1.8/webrick/server.rb:162:in `start_thread'
    c:/Ruby187/lib/ruby/1.8/webrick/server.rb:95:in `start'
    c:/Ruby187/lib/ruby/1.8/webrick/server.rb:92:in `each'
    c:/Ruby187/lib/ruby/1.8/webrick/server.rb:92:in `start'
    c:/Ruby187/lib/ruby/1.8/webrick/server.rb:23:in `start'
    c:/Ruby187/lib/ruby/1.8/webrick/server.rb:82:in `start'
    c:/Ruby187/lib/ruby/gems/1.8/gems/rack-1.0.1/lib/rack/handler/webrick.rb:14:in `run'
    e:/HOME/rails-projects/demo/vendor/rails/railties/lib/commands/server.rb:111
    c:/Ruby187/lib/ruby/site_ruby/1.8/rubygems/custom_require.rb:31:in `gem_original_require'
    c:/Ruby187/lib/ruby/site_ruby/1.8/rubygems/custom_require.rb:31:in `require'
    script/server:3
/!\ FAILSAFE /!\  Mon May 03 21:12:41 +0530 2010
  Status: 500 Internal Server Error
  no such file to load -- sqlite3
    c:/Ruby187/lib/ruby/site_ruby/1.8/rubygems/custom_require.rb:31:in `gem_original_require'
    c:/Ruby187/lib/ruby/site_ruby/1.8/rubygems/custom_require.rb:31:in `require'
    e:/HOME/rails-projects/demo/vendor/rails/activesupport/lib/active_support/dependencies.rb:156:in `require'
    e:/HOME/rails-projects/demo/vendor/rails/activesupport/lib/active_support/dependencies.rb:521:in `new_constants_in'
    e:/HOME/rails-projects/demo/vendor/rails/activesupport/lib/active_support/dependencies.rb:156:in `require'
    e:/HOME/rails-projects/demo/vendor/rails/activesupport/lib/active_support/core_ext/kernel/requires.rb:7:in `require_library_or_gem'
    e:/HOME/rails-projects/demo/vendor/rails/activesupport/lib/active_support/core_ext/kernel/reporting.rb:11:in `silence_warnings'
    e:/HOME/rails-projects/demo/vendor/rails/activesupport/lib/active_support/core_ext/kernel/requires.rb:5:in `require_library_or_gem'
    e:/HOME/rails-projects/demo/vendor/rails/activerecord/lib/active_record/connection_adapters/sqlite3_adapter.rb:10:in `sqlite3_connection'
    e:/HOME/rails-projects/demo/vendor/rails/activerecord/lib/active_record/connection_adapters/abstract/connection_pool.rb:223:in `send'
    e:/HOME/rails-projects/demo/vendor/rails/activerecord/lib/active_record/connection_adapters/abstract/connection_pool.rb:223:in `new_connection'
    e:/HOME/rails-projects/demo/vendor/rails/activerecord/lib/active_record/connection_adapters/abstract/connection_pool.rb:245:in `checkout_new_connection'
    e:/HOME/rails-projects/demo/vendor/rails/activerecord/lib/active_record/connection_adapters/abstract/connection_pool.rb:188:in `checkout'
    e:/HOME/rails-projects/demo/vendor/rails/activerecord/lib/active_record/connection_adapters/abstract/connection_pool.rb:184:in `loop'
    e:/HOME/rails-projects/demo/vendor/rails/activerecord/lib/active_record/connection_adapters/abstract/connection_pool.rb:184:in `checkout'
    c:/Ruby187/lib/ruby/1.8/monitor.rb:242:in `synchronize'
    e:/HOME/rails-projects/demo/vendor/rails/activerecord/lib/active_record/connection_adapters/abstract/connection_pool.rb:183:in `checkout'
    e:/HOME/rails-projects/demo/vendor/rails/activerecord/lib/active_record/connection_adapters/abstract/connection_pool.rb:98:in `connection'
    e:/HOME/rails-projects/demo/vendor/rails/activerecord/lib/active_record/connection_adapters/abstract/connection_pool.rb:326:in `retrieve_connection'
    e:/HOME/rails-projects/demo/vendor/rails/activerecord/lib/active_record/connection_adapters/abstract/connection_specification.rb:123:in `retrieve_connection'
    e:/HOME/rails-projects/demo/vendor/rails/activerecord/lib/active_record/connection_adapters/abstract/connection_specification.rb:115:in `connection'
    e:/HOME/rails-projects/demo/vendor/rails/activerecord/lib/active_record/query_cache.rb:9:in `cache'
    e:/HOME/rails-projects/demo/vendor/rails/activerecord/lib/active_record/query_cache.rb:28:in `call'
    e:/HOME/rails-projects/demo/vendor/rails/activerecord/lib/active_record/connection_adapters/abstract/connection_pool.rb:361:in `call'
    e:/HOME/rails-projects/demo/vendor/rails/actionpack/lib/action_controller/string_coercion.rb:25:in `call'
    c:/Ruby187/lib/ruby/gems/1.8/gems/rack-1.0.1/lib/rack/head.rb:9:in `call'
    c:/Ruby187/lib/ruby/gems/1.8/gems/rack-1.0.1/lib/rack/methodoverride.rb:24:in `call'
    e:/HOME/rails-projects/demo/vendor/rails/actionpack/lib/action_controller/params_parser.rb:15:in `call'
    e:/HOME/rails-projects/demo/vendor/rails/actionpack/lib/action_controller/session/cookie_store.rb:93:in `call'
    e:/HOME/rails-projects/demo/vendor/rails/actionpack/lib/action_controller/failsafe.rb:26:in `call'
    c:/Ruby187/lib/ruby/gems/1.8/gems/rack-1.0.1/lib/rack/lock.rb:11:in `call'
    c:/Ruby187/lib/ruby/gems/1.8/gems/rack-1.0.1/lib/rack/lock.rb:11:in `synchronize'
    c:/Ruby187/lib/ruby/gems/1.8/gems/rack-1.0.1/lib/rack/lock.rb:11:in `call'
    e:/HOME/rails-projects/demo/vendor/rails/actionpack/lib/action_controller/dispatcher.rb:114:in `call'
    e:/HOME/rails-projects/demo/vendor/rails/actionpack/lib/action_controller/reloader.rb:34:in `run'
    e:/HOME/rails-projects/demo/vendor/rails/actionpack/lib/action_controller/dispatcher.rb:108:in `call'
    e:/HOME/rails-projects/demo/vendor/rails/railties/lib/rails/rack/static.rb:31:in `call'
    c:/Ruby187/lib/ruby/gems/1.8/gems/rack-1.0.1/lib/rack/urlmap.rb:46:in `call'
    c:/Ruby187/lib/ruby/gems/1.8/gems/rack-1.0.1/lib/rack/urlmap.rb:40:in `each'
    c:/Ruby187/lib/ruby/gems/1.8/gems/rack-1.0.1/lib/rack/urlmap.rb:40:in `call'
    e:/HOME/rails-projects/demo/vendor/rails/railties/lib/rails/rack/log_tailer.rb:17:in `call'
    c:/Ruby187/lib/ruby/gems/1.8/gems/rack-1.0.1/lib/rack/content_length.rb:13:in `call'
    c:/Ruby187/lib/ruby/gems/1.8/gems/rack-1.0.1/lib/rack/handler/webrick.rb:50:in `service'
    c:/Ruby187/lib/ruby/1.8/webrick/httpserver.rb:104:in `service'
    c:/Ruby187/lib/ruby/1.8/webrick/httpserver.rb:65:in `run'
    c:/Ruby187/lib/ruby/1.8/webrick/server.rb:173:in `start_thread'
    c:/Ruby187/lib/ruby/1.8/webrick/server.rb:162:in `start'
    c:/Ruby187/lib/ruby/1.8/webrick/server.rb:162:in `start_thread'
    c:/Ruby187/lib/ruby/1.8/webrick/server.rb:95:in `start'
    c:/Ruby187/lib/ruby/1.8/webrick/server.rb:92:in `each'
    c:/Ruby187/lib/ruby/1.8/webrick/server.rb:92:in `start'
    c:/Ruby187/lib/ruby/1.8/webrick/server.rb:23:in `start'
    c:/Ruby187/lib/ruby/1.8/webrick/server.rb:82:in `start'
    c:/Ruby187/lib/ruby/gems/1.8/gems/rack-1.0.1/lib/rack/handler/webrick.rb:14:in `run'
    e:/HOME/rails-projects/demo/vendor/rails/railties/lib/commands/server.rb:111
    c:/Ruby187/lib/ruby/site_ruby/1.8/rubygems/custom_require.rb:31:in `gem_original_require'
    c:/Ruby187/lib/ruby/site_ruby/1.8/rubygems/custom_require.rb:31:in `require'
    script/server:3
/!\ FAILSAFE /!\  Mon May 03 21:12:45 +0530 2010
  Status: 500 Internal Server Error
  no such file to load -- sqlite3
    c:/Ruby187/lib/ruby/site_ruby/1.8/rubygems/custom_require.rb:31:in `gem_original_require'
    c:/Ruby187/lib/ruby/site_ruby/1.8/rubygems/custom_require.rb:31:in `require'
    e:/HOME/rails-projects/demo/vendor/rails/activesupport/lib/active_support/dependencies.rb:156:in `require'
    e:/HOME/rails-projects/demo/vendor/rails/activesupport/lib/active_support/dependencies.rb:521:in `new_constants_in'
    e:/HOME/rails-projects/demo/vendor/rails/activesupport/lib/active_support/dependencies.rb:156:in `require'
    e:/HOME/rails-projects/demo/vendor/rails/activesupport/lib/active_support/core_ext/kernel/requires.rb:7:in `require_library_or_gem'
    e:/HOME/rails-projects/demo/vendor/rails/activesupport/lib/active_support/core_ext/kernel/reporting.rb:11:in `silence_warnings'
    e:/HOME/rails-projects/demo/vendor/rails/activesupport/lib/active_support/core_ext/kernel/requires.rb:5:in `require_library_or_gem'
    e:/HOME/rails-projects/demo/vendor/rails/activerecord/lib/active_record/connection_adapters/sqlite3_adapter.rb:10:in `sqlite3_connection'
    e:/HOME/rails-projects/demo/vendor/rails/activerecord/lib/active_record/connection_adapters/abstract/connection_pool.rb:223:in `send'
    e:/HOME/rails-projects/demo/vendor/rails/activerecord/lib/active_record/connection_adapters/abstract/connection_pool.rb:223:in `new_connection'
    e:/HOME/rails-projects/demo/vendor/rails/activerecord/lib/active_record/connection_adapters/abstract/connection_pool.rb:245:in `checkout_new_connection'
    e:/HOME/rails-projects/demo/vendor/rails/activerecord/lib/active_record/connection_adapters/abstract/connection_pool.rb:188:in `checkout'
    e:/HOME/rails-projects/demo/vendor/rails/activerecord/lib/active_record/connection_adapters/abstract/connection_pool.rb:184:in `loop'
    e:/HOME/rails-projects/demo/vendor/rails/activerecord/lib/active_record/connection_adapters/abstract/connection_pool.rb:184:in `checkout'
    c:/Ruby187/lib/ruby/1.8/monitor.rb:242:in `synchronize'
    e:/HOME/rails-projects/demo/vendor/rails/activerecord/lib/active_record/connection_adapters/abstract/connection_pool.rb:183:in `checkout'
    e:/HOME/rails-projects/demo/vendor/rails/activerecord/lib/active_record/connection_adapters/abstract/connection_pool.rb:98:in `connection'
    e:/HOME/rails-projects/demo/vendor/rails/activerecord/lib/active_record/connection_adapters/abstract/connection_pool.rb:326:in `retrieve_connection'
    e:/HOME/rails-projects/demo/vendor/rails/activerecord/lib/active_record/connection_adapters/abstract/connection_specification.rb:123:in `retrieve_connection'
    e:/HOME/rails-projects/demo/vendor/rails/activerecord/lib/active_record/connection_adapters/abstract/connection_specification.rb:115:in `connection'
    e:/HOME/rails-projects/demo/vendor/rails/activerecord/lib/active_record/query_cache.rb:9:in `cache'
    e:/HOME/rails-projects/demo/vendor/rails/activerecord/lib/active_record/query_cache.rb:28:in `call'
    e:/HOME/rails-projects/demo/vendor/rails/activerecord/lib/active_record/connection_adapters/abstract/connection_pool.rb:361:in `call'
    e:/HOME/rails-projects/demo/vendor/rails/actionpack/lib/action_controller/string_coercion.rb:25:in `call'
    c:/Ruby187/lib/ruby/gems/1.8/gems/rack-1.0.1/lib/rack/head.rb:9:in `call'
    c:/Ruby187/lib/ruby/gems/1.8/gems/rack-1.0.1/lib/rack/methodoverride.rb:24:in `call'
    e:/HOME/rails-projects/demo/vendor/rails/actionpack/lib/action_controller/params_parser.rb:15:in `call'
    e:/HOME/rails-projects/demo/vendor/rails/actionpack/lib/action_controller/session/cookie_store.rb:93:in `call'
    e:/HOME/rails-projects/demo/vendor/rails/actionpack/lib/action_controller/failsafe.rb:26:in `call'
    c:/Ruby187/lib/ruby/gems/1.8/gems/rack-1.0.1/lib/rack/lock.rb:11:in `call'
    c:/Ruby187/lib/ruby/gems/1.8/gems/rack-1.0.1/lib/rack/lock.rb:11:in `synchronize'
    c:/Ruby187/lib/ruby/gems/1.8/gems/rack-1.0.1/lib/rack/lock.rb:11:in `call'
    e:/HOME/rails-projects/demo/vendor/rails/actionpack/lib/action_controller/dispatcher.rb:114:in `call'
    e:/HOME/rails-projects/demo/vendor/rails/actionpack/lib/action_controller/reloader.rb:34:in `run'
    e:/HOME/rails-projects/demo/vendor/rails/actionpack/lib/action_controller/dispatcher.rb:108:in `call'
    e:/HOME/rails-projects/demo/vendor/rails/railties/lib/rails/rack/static.rb:31:in `call'
    c:/Ruby187/lib/ruby/gems/1.8/gems/rack-1.0.1/lib/rack/urlmap.rb:46:in `call'
    c:/Ruby187/lib/ruby/gems/1.8/gems/rack-1.0.1/lib/rack/urlmap.rb:40:in `each'
    c:/Ruby187/lib/ruby/gems/1.8/gems/rack-1.0.1/lib/rack/urlmap.rb:40:in `call'
    e:/HOME/rails-projects/demo/vendor/rails/railties/lib/rails/rack/log_tailer.rb:17:in `call'
    c:/Ruby187/lib/ruby/gems/1.8/gems/rack-1.0.1/lib/rack/content_length.rb:13:in `call'
    c:/Ruby187/lib/ruby/gems/1.8/gems/rack-1.0.1/lib/rack/handler/webrick.rb:50:in `service'
    c:/Ruby187/lib/ruby/1.8/webrick/httpserver.rb:104:in `service'
    c:/Ruby187/lib/ruby/1.8/webrick/httpserver.rb:65:in `run'
    c:/Ruby187/lib/ruby/1.8/webrick/server.rb:173:in `start_thread'
    c:/Ruby187/lib/ruby/1.8/webrick/server.rb:162:in `start'
    c:/Ruby187/lib/ruby/1.8/webrick/server.rb:162:in `start_thread'
    c:/Ruby187/lib/ruby/1.8/webrick/server.rb:95:in `start'
    c:/Ruby187/lib/ruby/1.8/webrick/server.rb:92:in `each'
    c:/Ruby187/lib/ruby/1.8/webrick/server.rb:92:in `start'
    c:/Ruby187/lib/ruby/1.8/webrick/server.rb:23:in `start'
    c:/Ruby187/lib/ruby/1.8/webrick/server.rb:82:in `start'
    c:/Ruby187/lib/ruby/gems/1.8/gems/rack-1.0.1/lib/rack/handler/webrick.rb:14:in `run'
    e:/HOME/rails-projects/demo/vendor/rails/railties/lib/commands/server.rb:111
    c:/Ruby187/lib/ruby/site_ruby/1.8/rubygems/custom_require.rb:31:in `gem_original_require'
    c:/Ruby187/lib/ruby/site_ruby/1.8/rubygems/custom_require.rb:31:in `require'
    script/server:3
/!\ FAILSAFE /!\  Mon May 03 21:12:49 +0530 2010
  Status: 500 Internal Server Error
  no such file to load -- sqlite3
    c:/Ruby187/lib/ruby/site_ruby/1.8/rubygems/custom_require.rb:31:in `gem_original_require'
    c:/Ruby187/lib/ruby/site_ruby/1.8/rubygems/custom_require.rb:31:in `require'
    e:/HOME/rails-projects/demo/vendor/rails/activesupport/lib/active_support/dependencies.rb:156:in `require'
    e:/HOME/rails-projects/demo/vendor/rails/activesupport/lib/active_support/dependencies.rb:521:in `new_constants_in'
    e:/HOME/rails-projects/demo/vendor/rails/activesupport/lib/active_support/dependencies.rb:156:in `require'
    e:/HOME/rails-projects/demo/vendor/rails/activesupport/lib/active_support/core_ext/kernel/requires.rb:7:in `require_library_or_gem'
    e:/HOME/rails-projects/demo/vendor/rails/activesupport/lib/active_support/core_ext/kernel/reporting.rb:11:in `silence_warnings'
    e:/HOME/rails-projects/demo/vendor/rails/activesupport/lib/active_support/core_ext/kernel/requires.rb:5:in `require_library_or_gem'
    e:/HOME/rails-projects/demo/vendor/rails/activerecord/lib/active_record/connection_adapters/sqlite3_adapter.rb:10:in `sqlite3_connection'
    e:/HOME/rails-projects/demo/vendor/rails/activerecord/lib/active_record/connection_adapters/abstract/connection_pool.rb:223:in `send'
    e:/HOME/rails-projects/demo/vendor/rails/activerecord/lib/active_record/connection_adapters/abstract/connection_pool.rb:223:in `new_connection'
    e:/HOME/rails-projects/demo/vendor/rails/activerecord/lib/active_record/connection_adapters/abstract/connection_pool.rb:245:in `checkout_new_connection'
    e:/HOME/rails-projects/demo/vendor/rails/activerecord/lib/active_record/connection_adapters/abstract/connection_pool.rb:188:in `checkout'
    e:/HOME/rails-projects/demo/vendor/rails/activerecord/lib/active_record/connection_adapters/abstract/connection_pool.rb:184:in `loop'
    e:/HOME/rails-projects/demo/vendor/rails/activerecord/lib/active_record/connection_adapters/abstract/connection_pool.rb:184:in `checkout'
    c:/Ruby187/lib/ruby/1.8/monitor.rb:242:in `synchronize'
    e:/HOME/rails-projects/demo/vendor/rails/activerecord/lib/active_record/connection_adapters/abstract/connection_pool.rb:183:in `checkout'
    e:/HOME/rails-projects/demo/vendor/rails/activerecord/lib/active_record/connection_adapters/abstract/connection_pool.rb:98:in `connection'
    e:/HOME/rails-projects/demo/vendor/rails/activerecord/lib/active_record/connection_adapters/abstract/connection_pool.rb:326:in `retrieve_connection'
    e:/HOME/rails-projects/demo/vendor/rails/activerecord/lib/active_record/connection_adapters/abstract/connection_specification.rb:123:in `retrieve_connection'
    e:/HOME/rails-projects/demo/vendor/rails/activerecord/lib/active_record/connection_adapters/abstract/connection_specification.rb:115:in `connection'
    e:/HOME/rails-projects/demo/vendor/rails/activerecord/lib/active_record/query_cache.rb:9:in `cache'
    e:/HOME/rails-projects/demo/vendor/rails/activerecord/lib/active_record/query_cache.rb:28:in `call'
    e:/HOME/rails-projects/demo/vendor/rails/activerecord/lib/active_record/connection_adapters/abstract/connection_pool.rb:361:in `call'
    e:/HOME/rails-projects/demo/vendor/rails/actionpack/lib/action_controller/string_coercion.rb:25:in `call'
    c:/Ruby187/lib/ruby/gems/1.8/gems/rack-1.0.1/lib/rack/head.rb:9:in `call'
    c:/Ruby187/lib/ruby/gems/1.8/gems/rack-1.0.1/lib/rack/methodoverride.rb:24:in `call'
    e:/HOME/rails-projects/demo/vendor/rails/actionpack/lib/action_controller/params_parser.rb:15:in `call'
    e:/HOME/rails-projects/demo/vendor/rails/actionpack/lib/action_controller/session/cookie_store.rb:93:in `call'
    e:/HOME/rails-projects/demo/vendor/rails/actionpack/lib/action_controller/failsafe.rb:26:in `call'
    c:/Ruby187/lib/ruby/gems/1.8/gems/rack-1.0.1/lib/rack/lock.rb:11:in `call'
    c:/Ruby187/lib/ruby/gems/1.8/gems/rack-1.0.1/lib/rack/lock.rb:11:in `synchronize'
    c:/Ruby187/lib/ruby/gems/1.8/gems/rack-1.0.1/lib/rack/lock.rb:11:in `call'
    e:/HOME/rails-projects/demo/vendor/rails/actionpack/lib/action_controller/dispatcher.rb:114:in `call'
    e:/HOME/rails-projects/demo/vendor/rails/actionpack/lib/action_controller/reloader.rb:34:in `run'
    e:/HOME/rails-projects/demo/vendor/rails/actionpack/lib/action_controller/dispatcher.rb:108:in `call'
    e:/HOME/rails-projects/demo/vendor/rails/railties/lib/rails/rack/static.rb:31:in `call'
    c:/Ruby187/lib/ruby/gems/1.8/gems/rack-1.0.1/lib/rack/urlmap.rb:46:in `call'
    c:/Ruby187/lib/ruby/gems/1.8/gems/rack-1.0.1/lib/rack/urlmap.rb:40:in `each'
    c:/Ruby187/lib/ruby/gems/1.8/gems/rack-1.0.1/lib/rack/urlmap.rb:40:in `call'
    e:/HOME/rails-projects/demo/vendor/rails/railties/lib/rails/rack/log_tailer.rb:17:in `call'
    c:/Ruby187/lib/ruby/gems/1.8/gems/rack-1.0.1/lib/rack/content_length.rb:13:in `call'
    c:/Ruby187/lib/ruby/gems/1.8/gems/rack-1.0.1/lib/rack/handler/webrick.rb:50:in `service'
    c:/Ruby187/lib/ruby/1.8/webrick/httpserver.rb:104:in `service'
    c:/Ruby187/lib/ruby/1.8/webrick/httpserver.rb:65:in `run'
    c:/Ruby187/lib/ruby/1.8/webrick/server.rb:173:in `start_thread'
    c:/Ruby187/lib/ruby/1.8/webrick/server.rb:162:in `start'
    c:/Ruby187/lib/ruby/1.8/webrick/server.rb:162:in `start_thread'
    c:/Ruby187/lib/ruby/1.8/webrick/server.rb:95:in `start'
    c:/Ruby187/lib/ruby/1.8/webrick/server.rb:92:in `each'
    c:/Ruby187/lib/ruby/1.8/webrick/server.rb:92:in `start'
    c:/Ruby187/lib/ruby/1.8/webrick/server.rb:23:in `start'
    c:/Ruby187/lib/ruby/1.8/webrick/server.rb:82:in `start'
    c:/Ruby187/lib/ruby/gems/1.8/gems/rack-1.0.1/lib/rack/handler/webrick.rb:14:in `run'
    e:/HOME/rails-projects/demo/vendor/rails/railties/lib/commands/server.rb:111
    c:/Ruby187/lib/ruby/site_ruby/1.8/rubygems/custom_require.rb:31:in `gem_original_require'
    c:/Ruby187/lib/ruby/site_ruby/1.8/rubygems/custom_require.rb:31:in `require'
    script/server:3
/!\ FAILSAFE /!\  Mon May 03 21:17:29 +0530 2010
  Status: 500 Internal Server Error
  no such file to load -- sqlite3
    c:/Ruby187/lib/ruby/site_ruby/1.8/rubygems/custom_require.rb:31:in `gem_original_require'
    c:/Ruby187/lib/ruby/site_ruby/1.8/rubygems/custom_require.rb:31:in `require'
    e:/HOME/rails-projects/demo/vendor/rails/activesupport/lib/active_support/dependencies.rb:156:in `require'
    e:/HOME/rails-projects/demo/vendor/rails/activesupport/lib/active_support/dependencies.rb:521:in `new_constants_in'
    e:/HOME/rails-projects/demo/vendor/rails/activesupport/lib/active_support/dependencies.rb:156:in `require'
    e:/HOME/rails-projects/demo/vendor/rails/activesupport/lib/active_support/core_ext/kernel/requires.rb:7:in `require_library_or_gem'
    e:/HOME/rails-projects/demo/vendor/rails/activesupport/lib/active_support/core_ext/kernel/reporting.rb:11:in `silence_warnings'
    e:/HOME/rails-projects/demo/vendor/rails/activesupport/lib/active_support/core_ext/kernel/requires.rb:5:in `require_library_or_gem'
    e:/HOME/rails-projects/demo/vendor/rails/activerecord/lib/active_record/connection_adapters/sqlite3_adapter.rb:10:in `sqlite3_connection'
    e:/HOME/rails-projects/demo/vendor/rails/activerecord/lib/active_record/connection_adapters/abstract/connection_pool.rb:223:in `send'
    e:/HOME/rails-projects/demo/vendor/rails/activerecord/lib/active_record/connection_adapters/abstract/connection_pool.rb:223:in `new_connection'
    e:/HOME/rails-projects/demo/vendor/rails/activerecord/lib/active_record/connection_adapters/abstract/connection_pool.rb:245:in `checkout_new_connection'
    e:/HOME/rails-projects/demo/vendor/rails/activerecord/lib/active_record/connection_adapters/abstract/connection_pool.rb:188:in `checkout'
    e:/HOME/rails-projects/demo/vendor/rails/activerecord/lib/active_record/connection_adapters/abstract/connection_pool.rb:184:in `loop'
    e:/HOME/rails-projects/demo/vendor/rails/activerecord/lib/active_record/connection_adapters/abstract/connection_pool.rb:184:in `checkout'
    c:/Ruby187/lib/ruby/1.8/monitor.rb:242:in `synchronize'
    e:/HOME/rails-projects/demo/vendor/rails/activerecord/lib/active_record/connection_adapters/abstract/connection_pool.rb:183:in `checkout'
    e:/HOME/rails-projects/demo/vendor/rails/activerecord/lib/active_record/connection_adapters/abstract/connection_pool.rb:98:in `connection'
    e:/HOME/rails-projects/demo/vendor/rails/activerecord/lib/active_record/connection_adapters/abstract/connection_pool.rb:326:in `retrieve_connection'
    e:/HOME/rails-projects/demo/vendor/rails/activerecord/lib/active_record/connection_adapters/abstract/connection_specification.rb:123:in `retrieve_connection'
    e:/HOME/rails-projects/demo/vendor/rails/activerecord/lib/active_record/connection_adapters/abstract/connection_specification.rb:115:in `connection'
    e:/HOME/rails-projects/demo/vendor/rails/activerecord/lib/active_record/query_cache.rb:9:in `cache'
    e:/HOME/rails-projects/demo/vendor/rails/activerecord/lib/active_record/query_cache.rb:28:in `call'
    e:/HOME/rails-projects/demo/vendor/rails/activerecord/lib/active_record/connection_adapters/abstract/connection_pool.rb:361:in `call'
    e:/HOME/rails-projects/demo/vendor/rails/actionpack/lib/action_controller/string_coercion.rb:25:in `call'
    c:/Ruby187/lib/ruby/gems/1.8/gems/rack-1.0.1/lib/rack/head.rb:9:in `call'
    c:/Ruby187/lib/ruby/gems/1.8/gems/rack-1.0.1/lib/rack/methodoverride.rb:24:in `call'
    e:/HOME/rails-projects/demo/vendor/rails/actionpack/lib/action_controller/params_parser.rb:15:in `call'
    e:/HOME/rails-projects/demo/vendor/rails/actionpack/lib/action_controller/session/cookie_store.rb:93:in `call'
    e:/HOME/rails-projects/demo/vendor/rails/actionpack/lib/action_controller/failsafe.rb:26:in `call'
    c:/Ruby187/lib/ruby/gems/1.8/gems/rack-1.0.1/lib/rack/lock.rb:11:in `call'
    c:/Ruby187/lib/ruby/gems/1.8/gems/rack-1.0.1/lib/rack/lock.rb:11:in `synchronize'
    c:/Ruby187/lib/ruby/gems/1.8/gems/rack-1.0.1/lib/rack/lock.rb:11:in `call'
    e:/HOME/rails-projects/demo/vendor/rails/actionpack/lib/action_controller/dispatcher.rb:114:in `call'
    e:/HOME/rails-projects/demo/vendor/rails/actionpack/lib/action_controller/reloader.rb:34:in `run'
    e:/HOME/rails-projects/demo/vendor/rails/actionpack/lib/action_controller/dispatcher.rb:108:in `call'
    e:/HOME/rails-projects/demo/vendor/rails/railties/lib/rails/rack/static.rb:31:in `call'
    c:/Ruby187/lib/ruby/gems/1.8/gems/rack-1.0.1/lib/rack/urlmap.rb:46:in `call'
    c:/Ruby187/lib/ruby/gems/1.8/gems/rack-1.0.1/lib/rack/urlmap.rb:40:in `each'
    c:/Ruby187/lib/ruby/gems/1.8/gems/rack-1.0.1/lib/rack/urlmap.rb:40:in `call'
    e:/HOME/rails-projects/demo/vendor/rails/railties/lib/rails/rack/log_tailer.rb:17:in `call'
    c:/Ruby187/lib/ruby/gems/1.8/gems/rack-1.0.1/lib/rack/content_length.rb:13:in `call'
    c:/Ruby187/lib/ruby/gems/1.8/gems/rack-1.0.1/lib/rack/handler/webrick.rb:50:in `service'
    c:/Ruby187/lib/ruby/1.8/webrick/httpserver.rb:104:in `service'
    c:/Ruby187/lib/ruby/1.8/webrick/httpserver.rb:65:in `run'
    c:/Ruby187/lib/ruby/1.8/webrick/server.rb:173:in `start_thread'
    c:/Ruby187/lib/ruby/1.8/webrick/server.rb:162:in `start'
    c:/Ruby187/lib/ruby/1.8/webrick/server.rb:162:in `start_thread'
    c:/Ruby187/lib/ruby/1.8/webrick/server.rb:95:in `start'
    c:/Ruby187/lib/ruby/1.8/webrick/server.rb:92:in `each'
    c:/Ruby187/lib/ruby/1.8/webrick/server.rb:92:in `start'
    c:/Ruby187/lib/ruby/1.8/webrick/server.rb:23:in `start'
    c:/Ruby187/lib/ruby/1.8/webrick/server.rb:82:in `start'
    c:/Ruby187/lib/ruby/gems/1.8/gems/rack-1.0.1/lib/rack/handler/webrick.rb:14:in `run'
    e:/HOME/rails-projects/demo/vendor/rails/railties/lib/commands/server.rb:111
    c:/Ruby187/lib/ruby/site_ruby/1.8/rubygems/custom_require.rb:31:in `gem_original_require'
    c:/Ruby187/lib/ruby/site_ruby/1.8/rubygems/custom_require.rb:31:in `require'
    script/server:3
/!\ FAILSAFE /!\  Mon May 03 21:17:30 +0530 2010
  Status: 500 Internal Server Error
  no such file to load -- sqlite3
    c:/Ruby187/lib/ruby/site_ruby/1.8/rubygems/custom_require.rb:31:in `gem_original_require'
    c:/Ruby187/lib/ruby/site_ruby/1.8/rubygems/custom_require.rb:31:in `require'
    e:/HOME/rails-projects/demo/vendor/rails/activesupport/lib/active_support/dependencies.rb:156:in `require'
    e:/HOME/rails-projects/demo/vendor/rails/activesupport/lib/active_support/dependencies.rb:521:in `new_constants_in'
    e:/HOME/rails-projects/demo/vendor/rails/activesupport/lib/active_support/dependencies.rb:156:in `require'
    e:/HOME/rails-projects/demo/vendor/rails/activesupport/lib/active_support/core_ext/kernel/requires.rb:7:in `require_library_or_gem'
    e:/HOME/rails-projects/demo/vendor/rails/activesupport/lib/active_support/core_ext/kernel/reporting.rb:11:in `silence_warnings'
    e:/HOME/rails-projects/demo/vendor/rails/activesupport/lib/active_support/core_ext/kernel/requires.rb:5:in `require_library_or_gem'
    e:/HOME/rails-projects/demo/vendor/rails/activerecord/lib/active_record/connection_adapters/sqlite3_adapter.rb:10:in `sqlite3_connection'
    e:/HOME/rails-projects/demo/vendor/rails/activerecord/lib/active_record/connection_adapters/abstract/connection_pool.rb:223:in `send'
    e:/HOME/rails-projects/demo/vendor/rails/activerecord/lib/active_record/connection_adapters/abstract/connection_pool.rb:223:in `new_connection'
    e:/HOME/rails-projects/demo/vendor/rails/activerecord/lib/active_record/connection_adapters/abstract/connection_pool.rb:245:in `checkout_new_connection'
    e:/HOME/rails-projects/demo/vendor/rails/activerecord/lib/active_record/connection_adapters/abstract/connection_pool.rb:188:in `checkout'
    e:/HOME/rails-projects/demo/vendor/rails/activerecord/lib/active_record/connection_adapters/abstract/connection_pool.rb:184:in `loop'
    e:/HOME/rails-projects/demo/vendor/rails/activerecord/lib/active_record/connection_adapters/abstract/connection_pool.rb:184:in `checkout'
    c:/Ruby187/lib/ruby/1.8/monitor.rb:242:in `synchronize'
    e:/HOME/rails-projects/demo/vendor/rails/activerecord/lib/active_record/connection_adapters/abstract/connection_pool.rb:183:in `checkout'
    e:/HOME/rails-projects/demo/vendor/rails/activerecord/lib/active_record/connection_adapters/abstract/connection_pool.rb:98:in `connection'
    e:/HOME/rails-projects/demo/vendor/rails/activerecord/lib/active_record/connection_adapters/abstract/connection_pool.rb:326:in `retrieve_connection'
    e:/HOME/rails-projects/demo/vendor/rails/activerecord/lib/active_record/connection_adapters/abstract/connection_specification.rb:123:in `retrieve_connection'
    e:/HOME/rails-projects/demo/vendor/rails/activerecord/lib/active_record/connection_adapters/abstract/connection_specification.rb:115:in `connection'
    e:/HOME/rails-projects/demo/vendor/rails/activerecord/lib/active_record/query_cache.rb:9:in `cache'
    e:/HOME/rails-projects/demo/vendor/rails/activerecord/lib/active_record/query_cache.rb:28:in `call'
    e:/HOME/rails-projects/demo/vendor/rails/activerecord/lib/active_record/connection_adapters/abstract/connection_pool.rb:361:in `call'
    e:/HOME/rails-projects/demo/vendor/rails/actionpack/lib/action_controller/string_coercion.rb:25:in `call'
    c:/Ruby187/lib/ruby/gems/1.8/gems/rack-1.0.1/lib/rack/head.rb:9:in `call'
    c:/Ruby187/lib/ruby/gems/1.8/gems/rack-1.0.1/lib/rack/methodoverride.rb:24:in `call'
    e:/HOME/rails-projects/demo/vendor/rails/actionpack/lib/action_controller/params_parser.rb:15:in `call'
    e:/HOME/rails-projects/demo/vendor/rails/actionpack/lib/action_controller/session/cookie_store.rb:93:in `call'
    e:/HOME/rails-projects/demo/vendor/rails/actionpack/lib/action_controller/failsafe.rb:26:in `call'
    c:/Ruby187/lib/ruby/gems/1.8/gems/rack-1.0.1/lib/rack/lock.rb:11:in `call'
    c:/Ruby187/lib/ruby/gems/1.8/gems/rack-1.0.1/lib/rack/lock.rb:11:in `synchronize'
    c:/Ruby187/lib/ruby/gems/1.8/gems/rack-1.0.1/lib/rack/lock.rb:11:in `call'
    e:/HOME/rails-projects/demo/vendor/rails/actionpack/lib/action_controller/dispatcher.rb:114:in `call'
    e:/HOME/rails-projects/demo/vendor/rails/actionpack/lib/action_controller/reloader.rb:34:in `run'
    e:/HOME/rails-projects/demo/vendor/rails/actionpack/lib/action_controller/dispatcher.rb:108:in `call'
    e:/HOME/rails-projects/demo/vendor/rails/railties/lib/rails/rack/static.rb:31:in `call'
    c:/Ruby187/lib/ruby/gems/1.8/gems/rack-1.0.1/lib/rack/urlmap.rb:46:in `call'
    c:/Ruby187/lib/ruby/gems/1.8/gems/rack-1.0.1/lib/rack/urlmap.rb:40:in `each'
    c:/Ruby187/lib/ruby/gems/1.8/gems/rack-1.0.1/lib/rack/urlmap.rb:40:in `call'
    e:/HOME/rails-projects/demo/vendor/rails/railties/lib/rails/rack/log_tailer.rb:17:in `call'
    c:/Ruby187/lib/ruby/gems/1.8/gems/rack-1.0.1/lib/rack/content_length.rb:13:in `call'
    c:/Ruby187/lib/ruby/gems/1.8/gems/rack-1.0.1/lib/rack/handler/webrick.rb:50:in `service'
    c:/Ruby187/lib/ruby/1.8/webrick/httpserver.rb:104:in `service'
    c:/Ruby187/lib/ruby/1.8/webrick/httpserver.rb:65:in `run'
    c:/Ruby187/lib/ruby/1.8/webrick/server.rb:173:in `start_thread'
    c:/Ruby187/lib/ruby/1.8/webrick/server.rb:162:in `start'
    c:/Ruby187/lib/ruby/1.8/webrick/server.rb:162:in `start_thread'
    c:/Ruby187/lib/ruby/1.8/webrick/server.rb:95:in `start'
    c:/Ruby187/lib/ruby/1.8/webrick/server.rb:92:in `each'
    c:/Ruby187/lib/ruby/1.8/webrick/server.rb:92:in `start'
    c:/Ruby187/lib/ruby/1.8/webrick/server.rb:23:in `start'
    c:/Ruby187/lib/ruby/1.8/webrick/server.rb:82:in `start'
    c:/Ruby187/lib/ruby/gems/1.8/gems/rack-1.0.1/lib/rack/handler/webrick.rb:14:in `run'
    e:/HOME/rails-projects/demo/vendor/rails/railties/lib/commands/server.rb:111
    c:/Ruby187/lib/ruby/site_ruby/1.8/rubygems/custom_require.rb:31:in `gem_original_require'
    c:/Ruby187/lib/ruby/site_ruby/1.8/rubygems/custom_require.rb:31:in `require'
    script/server:3
/!\ FAILSAFE /!\  Mon May 03 21:17:32 +0530 2010
  Status: 500 Internal Server Error
  no such file to load -- sqlite3
    c:/Ruby187/lib/ruby/site_ruby/1.8/rubygems/custom_require.rb:31:in `gem_original_require'
    c:/Ruby187/lib/ruby/site_ruby/1.8/rubygems/custom_require.rb:31:in `require'
    e:/HOME/rails-projects/demo/vendor/rails/activesupport/lib/active_support/dependencies.rb:156:in `require'
    e:/HOME/rails-projects/demo/vendor/rails/activesupport/lib/active_support/dependencies.rb:521:in `new_constants_in'
    e:/HOME/rails-projects/demo/vendor/rails/activesupport/lib/active_support/dependencies.rb:156:in `require'
    e:/HOME/rails-projects/demo/vendor/rails/activesupport/lib/active_support/core_ext/kernel/requires.rb:7:in `require_library_or_gem'
    e:/HOME/rails-projects/demo/vendor/rails/activesupport/lib/active_support/core_ext/kernel/reporting.rb:11:in `silence_warnings'
    e:/HOME/rails-projects/demo/vendor/rails/activesupport/lib/active_support/core_ext/kernel/requires.rb:5:in `require_library_or_gem'
    e:/HOME/rails-projects/demo/vendor/rails/activerecord/lib/active_record/connection_adapters/sqlite3_adapter.rb:10:in `sqlite3_connection'
    e:/HOME/rails-projects/demo/vendor/rails/activerecord/lib/active_record/connection_adapters/abstract/connection_pool.rb:223:in `send'
    e:/HOME/rails-projects/demo/vendor/rails/activerecord/lib/active_record/connection_adapters/abstract/connection_pool.rb:223:in `new_connection'
    e:/HOME/rails-projects/demo/vendor/rails/activerecord/lib/active_record/connection_adapters/abstract/connection_pool.rb:245:in `checkout_new_connection'
    e:/HOME/rails-projects/demo/vendor/rails/activerecord/lib/active_record/connection_adapters/abstract/connection_pool.rb:188:in `checkout'
    e:/HOME/rails-projects/demo/vendor/rails/activerecord/lib/active_record/connection_adapters/abstract/connection_pool.rb:184:in `loop'
    e:/HOME/rails-projects/demo/vendor/rails/activerecord/lib/active_record/connection_adapters/abstract/connection_pool.rb:184:in `checkout'
    c:/Ruby187/lib/ruby/1.8/monitor.rb:242:in `synchronize'
    e:/HOME/rails-projects/demo/vendor/rails/activerecord/lib/active_record/connection_adapters/abstract/connection_pool.rb:183:in `checkout'
    e:/HOME/rails-projects/demo/vendor/rails/activerecord/lib/active_record/connection_adapters/abstract/connection_pool.rb:98:in `connection'
    e:/HOME/rails-projects/demo/vendor/rails/activerecord/lib/active_record/connection_adapters/abstract/connection_pool.rb:326:in `retrieve_connection'
    e:/HOME/rails-projects/demo/vendor/rails/activerecord/lib/active_record/connection_adapters/abstract/connection_specification.rb:123:in `retrieve_connection'
    e:/HOME/rails-projects/demo/vendor/rails/activerecord/lib/active_record/connection_adapters/abstract/connection_specification.rb:115:in `connection'
    e:/HOME/rails-projects/demo/vendor/rails/activerecord/lib/active_record/query_cache.rb:9:in `cache'
    e:/HOME/rails-projects/demo/vendor/rails/activerecord/lib/active_record/query_cache.rb:28:in `call'
    e:/HOME/rails-projects/demo/vendor/rails/activerecord/lib/active_record/connection_adapters/abstract/connection_pool.rb:361:in `call'
    e:/HOME/rails-projects/demo/vendor/rails/actionpack/lib/action_controller/string_coercion.rb:25:in `call'
    c:/Ruby187/lib/ruby/gems/1.8/gems/rack-1.0.1/lib/rack/head.rb:9:in `call'
    c:/Ruby187/lib/ruby/gems/1.8/gems/rack-1.0.1/lib/rack/methodoverride.rb:24:in `call'
    e:/HOME/rails-projects/demo/vendor/rails/actionpack/lib/action_controller/params_parser.rb:15:in `call'
    e:/HOME/rails-projects/demo/vendor/rails/actionpack/lib/action_controller/session/cookie_store.rb:93:in `call'
    e:/HOME/rails-projects/demo/vendor/rails/actionpack/lib/action_controller/failsafe.rb:26:in `call'
    c:/Ruby187/lib/ruby/gems/1.8/gems/rack-1.0.1/lib/rack/lock.rb:11:in `call'
    c:/Ruby187/lib/ruby/gems/1.8/gems/rack-1.0.1/lib/rack/lock.rb:11:in `synchronize'
    c:/Ruby187/lib/ruby/gems/1.8/gems/rack-1.0.1/lib/rack/lock.rb:11:in `call'
    e:/HOME/rails-projects/demo/vendor/rails/actionpack/lib/action_controller/dispatcher.rb:114:in `call'
    e:/HOME/rails-projects/demo/vendor/rails/actionpack/lib/action_controller/reloader.rb:34:in `run'
    e:/HOME/rails-projects/demo/vendor/rails/actionpack/lib/action_controller/dispatcher.rb:108:in `call'
    e:/HOME/rails-projects/demo/vendor/rails/railties/lib/rails/rack/static.rb:31:in `call'
    c:/Ruby187/lib/ruby/gems/1.8/gems/rack-1.0.1/lib/rack/urlmap.rb:46:in `call'
    c:/Ruby187/lib/ruby/gems/1.8/gems/rack-1.0.1/lib/rack/urlmap.rb:40:in `each'
    c:/Ruby187/lib/ruby/gems/1.8/gems/rack-1.0.1/lib/rack/urlmap.rb:40:in `call'
    e:/HOME/rails-projects/demo/vendor/rails/railties/lib/rails/rack/log_tailer.rb:17:in `call'
    c:/Ruby187/lib/ruby/gems/1.8/gems/rack-1.0.1/lib/rack/content_length.rb:13:in `call'
    c:/Ruby187/lib/ruby/gems/1.8/gems/rack-1.0.1/lib/rack/handler/webrick.rb:50:in `service'
    c:/Ruby187/lib/ruby/1.8/webrick/httpserver.rb:104:in `service'
    c:/Ruby187/lib/ruby/1.8/webrick/httpserver.rb:65:in `run'
    c:/Ruby187/lib/ruby/1.8/webrick/server.rb:173:in `start_thread'
    c:/Ruby187/lib/ruby/1.8/webrick/server.rb:162:in `start'
    c:/Ruby187/lib/ruby/1.8/webrick/server.rb:162:in `start_thread'
    c:/Ruby187/lib/ruby/1.8/webrick/server.rb:95:in `start'
    c:/Ruby187/lib/ruby/1.8/webrick/server.rb:92:in `each'
    c:/Ruby187/lib/ruby/1.8/webrick/server.rb:92:in `start'
    c:/Ruby187/lib/ruby/1.8/webrick/server.rb:23:in `start'
    c:/Ruby187/lib/ruby/1.8/webrick/server.rb:82:in `start'
    c:/Ruby187/lib/ruby/gems/1.8/gems/rack-1.0.1/lib/rack/handler/webrick.rb:14:in `run'
    e:/HOME/rails-projects/demo/vendor/rails/railties/lib/commands/server.rb:111
    c:/Ruby187/lib/ruby/site_ruby/1.8/rubygems/custom_require.rb:31:in `gem_original_require'
    c:/Ruby187/lib/ruby/site_ruby/1.8/rubygems/custom_require.rb:31:in `require'
    script/server:3
/!\ FAILSAFE /!\  Mon May 03 21:17:33 +0530 2010
  Status: 500 Internal Server Error
  no such file to load -- sqlite3
    c:/Ruby187/lib/ruby/site_ruby/1.8/rubygems/custom_require.rb:31:in `gem_original_require'
    c:/Ruby187/lib/ruby/site_ruby/1.8/rubygems/custom_require.rb:31:in `require'
    e:/HOME/rails-projects/demo/vendor/rails/activesupport/lib/active_support/dependencies.rb:156:in `require'
    e:/HOME/rails-projects/demo/vendor/rails/activesupport/lib/active_support/dependencies.rb:521:in `new_constants_in'
    e:/HOME/rails-projects/demo/vendor/rails/activesupport/lib/active_support/dependencies.rb:156:in `require'
    e:/HOME/rails-projects/demo/vendor/rails/activesupport/lib/active_support/core_ext/kernel/requires.rb:7:in `require_library_or_gem'
    e:/HOME/rails-projects/demo/vendor/rails/activesupport/lib/active_support/core_ext/kernel/reporting.rb:11:in `silence_warnings'
    e:/HOME/rails-projects/demo/vendor/rails/activesupport/lib/active_support/core_ext/kernel/requires.rb:5:in `require_library_or_gem'
    e:/HOME/rails-projects/demo/vendor/rails/activerecord/lib/active_record/connection_adapters/sqlite3_adapter.rb:10:in `sqlite3_connection'
    e:/HOME/rails-projects/demo/vendor/rails/activerecord/lib/active_record/connection_adapters/abstract/connection_pool.rb:223:in `send'
    e:/HOME/rails-projects/demo/vendor/rails/activerecord/lib/active_record/connection_adapters/abstract/connection_pool.rb:223:in `new_connection'
    e:/HOME/rails-projects/demo/vendor/rails/activerecord/lib/active_record/connection_adapters/abstract/connection_pool.rb:245:in `checkout_new_connection'
    e:/HOME/rails-projects/demo/vendor/rails/activerecord/lib/active_record/connection_adapters/abstract/connection_pool.rb:188:in `checkout'
    e:/HOME/rails-projects/demo/vendor/rails/activerecord/lib/active_record/connection_adapters/abstract/connection_pool.rb:184:in `loop'
    e:/HOME/rails-projects/demo/vendor/rails/activerecord/lib/active_record/connection_adapters/abstract/connection_pool.rb:184:in `checkout'
    c:/Ruby187/lib/ruby/1.8/monitor.rb:242:in `synchronize'
    e:/HOME/rails-projects/demo/vendor/rails/activerecord/lib/active_record/connection_adapters/abstract/connection_pool.rb:183:in `checkout'
    e:/HOME/rails-projects/demo/vendor/rails/activerecord/lib/active_record/connection_adapters/abstract/connection_pool.rb:98:in `connection'
    e:/HOME/rails-projects/demo/vendor/rails/activerecord/lib/active_record/connection_adapters/abstract/connection_pool.rb:326:in `retrieve_connection'
    e:/HOME/rails-projects/demo/vendor/rails/activerecord/lib/active_record/connection_adapters/abstract/connection_specification.rb:123:in `retrieve_connection'
    e:/HOME/rails-projects/demo/vendor/rails/activerecord/lib/active_record/connection_adapters/abstract/connection_specification.rb:115:in `connection'
    e:/HOME/rails-projects/demo/vendor/rails/activerecord/lib/active_record/query_cache.rb:9:in `cache'
    e:/HOME/rails-projects/demo/vendor/rails/activerecord/lib/active_record/query_cache.rb:28:in `call'
    e:/HOME/rails-projects/demo/vendor/rails/activerecord/lib/active_record/connection_adapters/abstract/connection_pool.rb:361:in `call'
    e:/HOME/rails-projects/demo/vendor/rails/actionpack/lib/action_controller/string_coercion.rb:25:in `call'
    c:/Ruby187/lib/ruby/gems/1.8/gems/rack-1.0.1/lib/rack/head.rb:9:in `call'
    c:/Ruby187/lib/ruby/gems/1.8/gems/rack-1.0.1/lib/rack/methodoverride.rb:24:in `call'
    e:/HOME/rails-projects/demo/vendor/rails/actionpack/lib/action_controller/params_parser.rb:15:in `call'
    e:/HOME/rails-projects/demo/vendor/rails/actionpack/lib/action_controller/session/cookie_store.rb:93:in `call'
    e:/HOME/rails-projects/demo/vendor/rails/actionpack/lib/action_controller/failsafe.rb:26:in `call'
    c:/Ruby187/lib/ruby/gems/1.8/gems/rack-1.0.1/lib/rack/lock.rb:11:in `call'
    c:/Ruby187/lib/ruby/gems/1.8/gems/rack-1.0.1/lib/rack/lock.rb:11:in `synchronize'
    c:/Ruby187/lib/ruby/gems/1.8/gems/rack-1.0.1/lib/rack/lock.rb:11:in `call'
    e:/HOME/rails-projects/demo/vendor/rails/actionpack/lib/action_controller/dispatcher.rb:114:in `call'
    e:/HOME/rails-projects/demo/vendor/rails/actionpack/lib/action_controller/reloader.rb:34:in `run'
    e:/HOME/rails-projects/demo/vendor/rails/actionpack/lib/action_controller/dispatcher.rb:108:in `call'
    e:/HOME/rails-projects/demo/vendor/rails/railties/lib/rails/rack/static.rb:31:in `call'
    c:/Ruby187/lib/ruby/gems/1.8/gems/rack-1.0.1/lib/rack/urlmap.rb:46:in `call'
    c:/Ruby187/lib/ruby/gems/1.8/gems/rack-1.0.1/lib/rack/urlmap.rb:40:in `each'
    c:/Ruby187/lib/ruby/gems/1.8/gems/rack-1.0.1/lib/rack/urlmap.rb:40:in `call'
    e:/HOME/rails-projects/demo/vendor/rails/railties/lib/rails/rack/log_tailer.rb:17:in `call'
    c:/Ruby187/lib/ruby/gems/1.8/gems/rack-1.0.1/lib/rack/content_length.rb:13:in `call'
    c:/Ruby187/lib/ruby/gems/1.8/gems/rack-1.0.1/lib/rack/handler/webrick.rb:50:in `service'
    c:/Ruby187/lib/ruby/1.8/webrick/httpserver.rb:104:in `service'
    c:/Ruby187/lib/ruby/1.8/webrick/httpserver.rb:65:in `run'
    c:/Ruby187/lib/ruby/1.8/webrick/server.rb:173:in `start_thread'
    c:/Ruby187/lib/ruby/1.8/webrick/server.rb:162:in `start'
    c:/Ruby187/lib/ruby/1.8/webrick/server.rb:162:in `start_thread'
    c:/Ruby187/lib/ruby/1.8/webrick/server.rb:95:in `start'
    c:/Ruby187/lib/ruby/1.8/webrick/server.rb:92:in `each'
    c:/Ruby187/lib/ruby/1.8/webrick/server.rb:92:in `start'
    c:/Ruby187/lib/ruby/1.8/webrick/server.rb:23:in `start'
    c:/Ruby187/lib/ruby/1.8/webrick/server.rb:82:in `start'
    c:/Ruby187/lib/ruby/gems/1.8/gems/rack-1.0.1/lib/rack/handler/webrick.rb:14:in `run'
    e:/HOME/rails-projects/demo/vendor/rails/railties/lib/commands/server.rb:111
    c:/Ruby187/lib/ruby/site_ruby/1.8/rubygems/custom_require.rb:31:in `gem_original_require'
    c:/Ruby187/lib/ruby/site_ruby/1.8/rubygems/custom_require.rb:31:in `require'
    script/server:3
/!\ FAILSAFE /!\  Mon May 03 21:24:42 +0530 2010
  Status: 500 Internal Server Error
  no such file to load -- sqlite3
    c:/Ruby187/lib/ruby/site_ruby/1.8/rubygems/custom_require.rb:31:in `gem_original_require'
    c:/Ruby187/lib/ruby/site_ruby/1.8/rubygems/custom_require.rb:31:in `require'
    e:/HOME/rails-projects/demo/vendor/rails/activesupport/lib/active_support/dependencies.rb:156:in `require'
    e:/HOME/rails-projects/demo/vendor/rails/activesupport/lib/active_support/dependencies.rb:521:in `new_constants_in'
    e:/HOME/rails-projects/demo/vendor/rails/activesupport/lib/active_support/dependencies.rb:156:in `require'
    e:/HOME/rails-projects/demo/vendor/rails/activesupport/lib/active_support/core_ext/kernel/requires.rb:7:in `require_library_or_gem'
    e:/HOME/rails-projects/demo/vendor/rails/activesupport/lib/active_support/core_ext/kernel/reporting.rb:11:in `silence_warnings'
    e:/HOME/rails-projects/demo/vendor/rails/activesupport/lib/active_support/core_ext/kernel/requires.rb:5:in `require_library_or_gem'
    e:/HOME/rails-projects/demo/vendor/rails/activerecord/lib/active_record/connection_adapters/sqlite3_adapter.rb:10:in `sqlite3_connection'
    e:/HOME/rails-projects/demo/vendor/rails/activerecord/lib/active_record/connection_adapters/abstract/connection_pool.rb:223:in `send'
    e:/HOME/rails-projects/demo/vendor/rails/activerecord/lib/active_record/connection_adapters/abstract/connection_pool.rb:223:in `new_connection'
    e:/HOME/rails-projects/demo/vendor/rails/activerecord/lib/active_record/connection_adapters/abstract/connection_pool.rb:245:in `checkout_new_connection'
    e:/HOME/rails-projects/demo/vendor/rails/activerecord/lib/active_record/connection_adapters/abstract/connection_pool.rb:188:in `checkout'
    e:/HOME/rails-projects/demo/vendor/rails/activerecord/lib/active_record/connection_adapters/abstract/connection_pool.rb:184:in `loop'
    e:/HOME/rails-projects/demo/vendor/rails/activerecord/lib/active_record/connection_adapters/abstract/connection_pool.rb:184:in `checkout'
    c:/Ruby187/lib/ruby/1.8/monitor.rb:242:in `synchronize'
    e:/HOME/rails-projects/demo/vendor/rails/activerecord/lib/active_record/connection_adapters/abstract/connection_pool.rb:183:in `checkout'
    e:/HOME/rails-projects/demo/vendor/rails/activerecord/lib/active_record/connection_adapters/abstract/connection_pool.rb:98:in `connection'
    e:/HOME/rails-projects/demo/vendor/rails/activerecord/lib/active_record/connection_adapters/abstract/connection_pool.rb:326:in `retrieve_connection'
    e:/HOME/rails-projects/demo/vendor/rails/activerecord/lib/active_record/connection_adapters/abstract/connection_specification.rb:123:in `retrieve_connection'
    e:/HOME/rails-projects/demo/vendor/rails/activerecord/lib/active_record/connection_adapters/abstract/connection_specification.rb:115:in `connection'
    e:/HOME/rails-projects/demo/vendor/rails/activerecord/lib/active_record/query_cache.rb:9:in `cache'
    e:/HOME/rails-projects/demo/vendor/rails/activerecord/lib/active_record/query_cache.rb:28:in `call'
    e:/HOME/rails-projects/demo/vendor/rails/activerecord/lib/active_record/connection_adapters/abstract/connection_pool.rb:361:in `call'
    e:/HOME/rails-projects/demo/vendor/rails/actionpack/lib/action_controller/string_coercion.rb:25:in `call'
    c:/Ruby187/lib/ruby/gems/1.8/gems/rack-1.0.1/lib/rack/head.rb:9:in `call'
    c:/Ruby187/lib/ruby/gems/1.8/gems/rack-1.0.1/lib/rack/methodoverride.rb:24:in `call'
    e:/HOME/rails-projects/demo/vendor/rails/actionpack/lib/action_controller/params_parser.rb:15:in `call'
    e:/HOME/rails-projects/demo/vendor/rails/actionpack/lib/action_controller/session/cookie_store.rb:93:in `call'
    e:/HOME/rails-projects/demo/vendor/rails/actionpack/lib/action_controller/failsafe.rb:26:in `call'
    c:/Ruby187/lib/ruby/gems/1.8/gems/rack-1.0.1/lib/rack/lock.rb:11:in `call'
    c:/Ruby187/lib/ruby/gems/1.8/gems/rack-1.0.1/lib/rack/lock.rb:11:in `synchronize'
    c:/Ruby187/lib/ruby/gems/1.8/gems/rack-1.0.1/lib/rack/lock.rb:11:in `call'
    e:/HOME/rails-projects/demo/vendor/rails/actionpack/lib/action_controller/dispatcher.rb:114:in `call'
    e:/HOME/rails-projects/demo/vendor/rails/actionpack/lib/action_controller/reloader.rb:34:in `run'
    e:/HOME/rails-projects/demo/vendor/rails/actionpack/lib/action_controller/dispatcher.rb:108:in `call'
    e:/HOME/rails-projects/demo/vendor/rails/railties/lib/rails/rack/static.rb:31:in `call'
    c:/Ruby187/lib/ruby/gems/1.8/gems/rack-1.0.1/lib/rack/urlmap.rb:46:in `call'
    c:/Ruby187/lib/ruby/gems/1.8/gems/rack-1.0.1/lib/rack/urlmap.rb:40:in `each'
    c:/Ruby187/lib/ruby/gems/1.8/gems/rack-1.0.1/lib/rack/urlmap.rb:40:in `call'
    e:/HOME/rails-projects/demo/vendor/rails/railties/lib/rails/rack/log_tailer.rb:17:in `call'
    c:/Ruby187/lib/ruby/gems/1.8/gems/rack-1.0.1/lib/rack/content_length.rb:13:in `call'
    c:/Ruby187/lib/ruby/gems/1.8/gems/rack-1.0.1/lib/rack/chunked.rb:15:in `call'
    c:/Ruby187/lib/ruby/gems/1.8/gems/rack-1.0.1/lib/rack/handler/mongrel.rb:64:in `process'
    c:/Ruby187/lib/ruby/gems/1.8/gems/mongrel-1.1.5-x86-mingw32/lib/mongrel.rb:159:in `process_client'
    c:/Ruby187/lib/ruby/gems/1.8/gems/mongrel-1.1.5-x86-mingw32/lib/mongrel.rb:158:in `each'
    c:/Ruby187/lib/ruby/gems/1.8/gems/mongrel-1.1.5-x86-mingw32/lib/mongrel.rb:158:in `process_client'
    c:/Ruby187/lib/ruby/gems/1.8/gems/mongrel-1.1.5-x86-mingw32/lib/mongrel.rb:285:in `run'
    c:/Ruby187/lib/ruby/gems/1.8/gems/mongrel-1.1.5-x86-mingw32/lib/mongrel.rb:285:in `initialize'
    c:/Ruby187/lib/ruby/gems/1.8/gems/mongrel-1.1.5-x86-mingw32/lib/mongrel.rb:285:in `new'
    c:/Ruby187/lib/ruby/gems/1.8/gems/mongrel-1.1.5-x86-mingw32/lib/mongrel.rb:285:in `run'
    c:/Ruby187/lib/ruby/gems/1.8/gems/mongrel-1.1.5-x86-mingw32/lib/mongrel.rb:268:in `initialize'
    c:/Ruby187/lib/ruby/gems/1.8/gems/mongrel-1.1.5-x86-mingw32/lib/mongrel.rb:268:in `new'
    c:/Ruby187/lib/ruby/gems/1.8/gems/mongrel-1.1.5-x86-mingw32/lib/mongrel.rb:268:in `run'
    c:/Ruby187/lib/ruby/gems/1.8/gems/rack-1.0.1/lib/rack/handler/mongrel.rb:34:in `run'
    e:/HOME/rails-projects/demo/vendor/rails/railties/lib/commands/server.rb:111
    c:/Ruby187/lib/ruby/site_ruby/1.8/rubygems/custom_require.rb:31:in `gem_original_require'
    c:/Ruby187/lib/ruby/site_ruby/1.8/rubygems/custom_require.rb:31:in `require'
    script/server:3


Processing HelloController#world (for 127.0.0.1 at 2010-05-03 21:37:54) [GET]
Completed in 0ms (View: 0, DB: 0) | 200 OK [http://localhost/hello/world]


Processing HelloController#index (for 127.0.0.1 at 2010-05-03 21:40:17) [GET]

ActionView::MissingTemplate (Missing template hello/index.erb in view path app/views):
  

Rendering rescues/layout (internal_server_error)


Processing HelloController#index (for 127.0.0.1 at 2010-05-03 21:42:13) [GET]
Rendering hello/index
Completed in 16ms (View: 16, DB: 0) | 200 OK [http://localhost/hello/index]
